<?xml version="1.0" encoding="UTF-8"?>
<!-- Generated by org.testng.reporters.JUnitReportReporter -->
<testsuite hostname="DESKTOP-AM8C50J" name="com.qa.test.StartChat" tests="1" failures="0" timestamp="18 Sep 2020 16:23:18 GMT" time="54.871" errors="0">
  <testcase name="validateStartChatFunctionality" time="54.871" classname="com.qa.test.StartChat"/>
</testsuite> <!-- com.qa.test.StartChat -->
